00000000 :	64 65 78 0A 
		30 33 35 00 
		magic: dex\n035\0
00000008 :	BD A3 19 F5 
		checksum
0000000C :	E4 7A F4 65 
		23 B7 20 36 
		39 77 6C CC 
		BB 7C 33 F6 
		0B A7 6C 3E 
		signature
00000020 :	94 04 00 00 
		file size: 0x00000494
00000024 :	70 00 00 00 
		header size: 0x00000070
00000028 :	78 56 34 12 
		00 00 00 00 
		link size: 0x00000000
00000030 :	00 00 00 00 
		link offset: 0x00000000
00000034 :	F4 03 00 00 
		map offset: 0x000003F4
00000038 :	1B 00 00 00 
		string ids size: 0x0000001B
0000003C :	70 00 00 00 
		string ids offset: 0x00000070
00000040 :	0A 00 00 00 
		type ids size: 0x0000000A
00000044 :	DC 00 00 00 
		type ids offset: 0x000000DC
00000048 :	08 00 00 00 
		proto ids size: 0x00000008
0000004C :	04 01 00 00 
		proto ids offset: 0x00000104
00000050 :	01 00 00 00 
		field ids size: 0x00000001
00000054 :	64 01 00 00 
		field ids offset: 0x00000164
00000058 :	0A 00 00 00 
		method ids size: 0x0000000A
0000005C :	6C 01 00 00 
		method ids offset: 0x0000016C
00000060 :	01 00 00 00 
		class defs size: 0x00000001
00000064 :	BC 01 00 00 
		class defs offset: 0x000001BC
00000068 :	B8 02 00 00 
		data size: 0x000002B8
0000006C :	DC 01 00 00 
		data offset: 0x000001DC
00000070 :	8A 02 00 00 
		string[0]: at 0x0000028A
00000074 :	99 02 00 00 
		string[1]: at 0x00000299
00000078 :	A1 02 00 00 
		string[2]: at 0x000002A1
0000007C :	BD 02 00 00 
		string[3]: at 0x000002BD
00000080 :	CE 02 00 00 
		string[4]: at 0x000002CE
00000084 :	D1 02 00 00 
		string[5]: at 0x000002D1
00000088 :	D5 02 00 00 
		string[6]: at 0x000002D5
0000008C :	D8 02 00 00 
		string[7]: at 0x000002D8
00000090 :	E6 02 00 00 
		string[8]: at 0x000002E6
00000094 :	EA 02 00 00 
		string[9]: at 0x000002EA
00000098 :	EE 02 00 00 
		string[10]: at 0x000002EE
0000009C :	05 03 00 00 
		string[11]: at 0x00000305
000000A0 :	19 03 00 00 
		string[12]: at 0x00000319
000000A4 :	2D 03 00 00 
		string[13]: at 0x0000032D
000000A8 :	48 03 00 00 
		string[14]: at 0x00000348
000000AC :	5C 03 00 00 
		string[15]: at 0x0000035C
000000B0 :	72 03 00 00 
		string[16]: at 0x00000372
000000B4 :	75 03 00 00 
		string[17]: at 0x00000375
000000B8 :	79 03 00 00 
		string[18]: at 0x00000379
000000BC :	8E 03 00 00 
		string[19]: at 0x0000038E
000000C0 :	96 03 00 00 
		string[20]: at 0x00000396
000000C4 :	9B 03 00 00 
		string[21]: at 0x0000039B
000000C8 :	A8 03 00 00 
		string[22]: at 0x000003A8
000000CC :	AE 03 00 00 
		string[23]: at 0x000003AE
000000D0 :	B3 03 00 00 
		string[24]: at 0x000003B3
000000D4 :	BC 03 00 00 
		string[25]: at 0x000003BC
000000D8 :	C6 03 00 00 
		string[26]: at 0x000003C6
// string[0]: --from UMARE 
// string[1]: <init>
// string[2]: Hello world! --from UMARE 
// string[3]: HelloWorld.java
// string[4]: I
// string[5]: II
// string[6]: L
// string[7]: LHelloWorld;
// string[8]: LI
// string[9]: LL
// string[10]: Ljava/io/PrintStream;
// string[11]: Ljava/lang/Object;
// string[12]: Ljava/lang/String;
// string[13]: Ljava/lang/StringBuilder;
// string[14]: Ljava/lang/System;
// string[15]: Ljava/util/Calendar;
// string[16]: V
// string[17]: VL
// string[18]: [Ljava/lang/String;
// string[19]: append
// string[20]: get
// string[21]: getInstance
// string[22]: main
// string[23]: out
// string[24]: println
// string[25]: toString
// string[26]: valueOf
000000DC :	04 00 00 00 
		type[0] index: 00000004 (I)
000000E0 :	07 00 00 00 
		type[1] index: 00000007 (LHelloWorld;)
000000E4 :	0A 00 00 00 
		type[2] index: 0000000A (Ljava/io/PrintStream;)
000000E8 :	0B 00 00 00 
		type[3] index: 0000000B (Ljava/lang/Object;)
000000EC :	0C 00 00 00 
		type[4] index: 0000000C (Ljava/lang/String;)
000000F0 :	0D 00 00 00 
		type[5] index: 0000000D (Ljava/lang/StringBuilder;)
000000F4 :	0E 00 00 00 
		type[6] index: 0000000E (Ljava/lang/System;)
000000F8 :	0F 00 00 00 
		type[7] index: 0000000F (Ljava/util/Calendar;)
000000FC :	10 00 00 00 
		type[8] index: 00000010 (V)
00000100 :	12 00 00 00 
		type[9] index: 00000012 ([Ljava/lang/String;)
00000104 :	05 00 00 00 
		00 00 00 00 
		74 02 00 00 
		proto[0]: short signature: II; return type: I; parameter block offset: 00000274
00000110 :	06 00 00 00 
		04 00 00 00 
		00 00 00 00 
		proto[1]: short signature: L; return type: Ljava/lang/String;; parameter block offset: 00000000
0000011C :	08 00 00 00 
		04 00 00 00 
		74 02 00 00 
		proto[2]: short signature: LI; return type: Ljava/lang/String;; parameter block offset: 00000274
00000128 :	09 00 00 00 
		05 00 00 00 
		7C 02 00 00 
		proto[3]: short signature: LL; return type: Ljava/lang/StringBuilder;; parameter block offset: 0000027C
00000134 :	06 00 00 00 
		07 00 00 00 
		00 00 00 00 
		proto[4]: short signature: L; return type: Ljava/util/Calendar;; parameter block offset: 00000000
00000140 :	10 00 00 00 
		08 00 00 00 
		00 00 00 00 
		proto[5]: short signature: V; return type: V; parameter block offset: 00000000
0000014C :	11 00 00 00 
		08 00 00 00 
		7C 02 00 00 
		proto[6]: short signature: VL; return type: V; parameter block offset: 0000027C
00000158 :	11 00 00 00 
		08 00 00 00 
		84 02 00 00 
		proto[7]: short signature: VL; return type: V; parameter block offset: 00000284
// proto[0]: I proto( I )
// proto[1]: Ljava/lang/String; proto(  )
// proto[2]: Ljava/lang/String; proto( I )
// proto[3]: Ljava/lang/StringBuilder; proto( Ljava/lang/String; )
// proto[4]: Ljava/util/Calendar; proto(  )
// proto[5]: V proto(  )
// proto[6]: V proto( Ljava/lang/String; )
// proto[7]: V proto( [Ljava/lang/String; )
00000164 :	06 00 02 00 
		17 00 00 00 
		field[0]: java/lang/System.out Ljava/io/PrintStream;
0000016C :	01 00 05 00 
		01 00 00 00 
		method[0]: HelloWorld/<init> (<init>()V)
00000174 :	01 00 07 00 
		16 00 00 00 
		method[1]: HelloWorld/main (main([Ljava/lang/String;)V)
0000017C :	02 00 06 00 
		18 00 00 00 
		method[2]: java/io/PrintStream/println (println(Ljava/lang/String;)V)
00000184 :	03 00 05 00 
		01 00 00 00 
		method[3]: java/lang/Object/<init> (<init>()V)
0000018C :	04 00 02 00 
		1A 00 00 00 
		method[4]: java/lang/String/valueOf (valueOf(I)Ljava/lang/String;)
00000194 :	05 00 05 00 
		01 00 00 00 
		method[5]: java/lang/StringBuilder/<init> (<init>()V)
0000019C :	05 00 03 00 
		13 00 00 00 
		method[6]: java/lang/StringBuilder/append (append(Ljava/lang/String;)Ljava/lang/StringBuilder;)
000001A4 :	05 00 01 00 
		19 00 00 00 
		method[7]: java/lang/StringBuilder/toString (toString()Ljava/lang/String;)
000001AC :	07 00 00 00 
		14 00 00 00 
		method[8]: java/util/Calendar/get (get(I)I)
000001B4 :	07 00 04 00 
		15 00 00 00 
		method[9]: java/util/Calendar/getInstance (getInstance()Ljava/util/Calendar;)
000001BC :	01 00 00 00 
		00 00 00 00 
		03 00 00 00 
		00 00 00 00 
		03 00 00 00 
		00 00 00 00 
		E3 03 00 00 
		00 00 00 00 
		HelloWorld
//  class HelloWorld:
// super: java/lang/Object
// source: HelloWorld.java
000003E3 :	00 static fields size: 0
000003E4 :	00 instance fields size: 0
000003E5 :	02 direct methods size: 2
000003E6 :	00 virtual methods size: 0
000003E7 :	00 80 80 04 
		DC 03 // direct method[0]: <init>()V
000003ED :	01 09 F4 03 
		// direct method[1]: main([Ljava/lang/String;)V
--------------------------------------
Class: HelloWorld
****************************
Method: <init>()V
000001DC :	01 00 registers size: 1
000001DE :	01 00 input arguments: 1
000001E0 :	01 00 output arguments: 1
000001E2 :	00 00 try block size: 0
000001E4 :	CF 03 00 00 
		debug info offset: 0x3cf
000001E8 :	04 00 00 00 
		instruction block size: 4
method block: 0x1ec-0x1f4
next block starts at: 0x1f4
000003CF :	03 Starting line: 3
000003D0 :	00 Parameter number: 0
000003D1 :	07 DBG_SET_PROLOGUE_END
000003D2 :	0E Line register: 3; address register: 0x0
000003D3 :	00 DBG_END_SEQUENCE
	invoke-direct	{v0},java/lang/Object/<init>	; <init>()V
	return-void	
****************************
Method: public static main([Ljava/lang/String;)V
000001F4 :	05 00 registers size: 5
000001F6 :	01 00 input arguments: 1
000001F8 :	02 00 output arguments: 2
000001FA :	00 00 try block size: 0
000001FC :	D4 03 00 00 
		debug info offset: 0x3d4
00000200 :	38 00 00 00 
		instruction block size: 56
method block: 0x204-0x274
next block starts at: 0x274
000003D4 :	0F Starting line: 15
000003D5 :	01 Parameter number: 1
000003D6 :	00 reg#-1 : unnamed0
000003D7 :	07 DBG_SET_PROLOGUE_END
000003D8 :	0E Line register: 15; address register: 0x0
000003D9 :	4B Line register: 16; address register: 0x4
000003DA :	5A Line register: 17; address register: 0x9
000003DB :	4B Line register: 18; address register: 0xd
000003DC :	01 12 DBG_ADVANCE_PC: by 18 bytes (new address is 0x1f)
000003DE :	10 Line register: 20; address register: 0x1f
000003DF :	01 18 DBG_ADVANCE_PC: by 24 bytes (new address is 0x37)
000003E1 :	10 Line register: 22; address register: 0x37
000003E2 :	00 DBG_END_SEQUENCE
	invoke-static	{},java/util/Calendar/getInstance	; getInstance()Ljava/util/Calendar;
	nop	
	move-result-object	v0
	const/4	v1,1
	invoke-virtual	{v0,v1},java/util/Calendar/get	; get(I)I
	move-result	v0
	invoke-static	{v0},java/lang/String/valueOf	; valueOf(I)Ljava/lang/String;
	move-result-object	v0
	new-instance	v1,java/lang/StringBuilder
	invoke-direct	{v1},java/lang/StringBuilder/<init>	; <init>()V
	const-string	v2,"--from UMARE "
	invoke-virtual	{v1,v2},java/lang/StringBuilder/append	; append(Ljava/lang/String;)Ljava/lang/StringBuilder;
	move-result-object	v1
	invoke-virtual	{v1,v0},java/lang/StringBuilder/append	; append(Ljava/lang/String;)Ljava/lang/StringBuilder;
	move-result-object	v1
	invoke-virtual	{v1},java/lang/StringBuilder/toString	; toString()Ljava/lang/String;
	sget-object	v1,java/lang/System.out Ljava/io/PrintStream;
	new-instance	v2,java/lang/StringBuilder
	invoke-direct	{v2},java/lang/StringBuilder/<init>	; <init>()V
	const-string	v3,"Hello world! --from UMARE "
	invoke-virtual	{v2,v3},java/lang/StringBuilder/append	; append(Ljava/lang/String;)Ljava/lang/StringBuilder;
	move-result-object	v2
	invoke-virtual	{v2,v0},java/lang/StringBuilder/append	; append(Ljava/lang/String;)Ljava/lang/StringBuilder;
	move-result-object	v0
	invoke-virtual	{v0},java/lang/StringBuilder/toString	; toString()Ljava/lang/String;
	move-result-object	v0
	invoke-virtual	{v1,v0},java/io/PrintStream/println	; println(Ljava/lang/String;)V
	return-void	
