00000000 :	64 65 78 0A 
		30 33 35 00 
		magic: dex\n035\0
00000008 :	6B A3 6B F5 
		checksum
0000000C :	4C 63 05 F1 
		22 C3 52 C3 
		07 EF A9 15 
		D2 A0 B6 5A 
		BA 43 BF DE 
		signature
00000020 :	D4 04 00 00 
		file size: 0x000004D4
00000024 :	70 00 00 00 
		header size: 0x00000070
00000028 :	78 56 34 12 
		00 00 00 00 
		link size: 0x00000000
00000030 :	00 00 00 00 
		link offset: 0x00000000
00000034 :	34 04 00 00 
		map offset: 0x00000434
00000038 :	1F 00 00 00 
		string ids size: 0x0000001F
0000003C :	70 00 00 00 
		string ids offset: 0x00000070
00000040 :	0A 00 00 00 
		type ids size: 0x0000000A
00000044 :	EC 00 00 00 
		type ids offset: 0x000000EC
00000048 :	09 00 00 00 
		proto ids size: 0x00000009
0000004C :	14 01 00 00 
		proto ids offset: 0x00000114
00000050 :	01 00 00 00 
		field ids size: 0x00000001
00000054 :	80 01 00 00 
		field ids offset: 0x00000180
00000058 :	0B 00 00 00 
		method ids size: 0x0000000B
0000005C :	88 01 00 00 
		method ids offset: 0x00000188
00000060 :	01 00 00 00 
		class defs size: 0x00000001
00000064 :	E0 01 00 00 
		class defs offset: 0x000001E0
00000068 :	D4 02 00 00 
		data size: 0x000002D4
0000006C :	00 02 00 00 
		data offset: 0x00000200
00000070 :	CE 02 00 00 
		string[0]: at 0x000002CE
00000074 :	D0 02 00 00 
		string[1]: at 0x000002D0
00000078 :	D3 02 00 00 
		string[2]: at 0x000002D3
0000007C :	D6 02 00 00 
		string[3]: at 0x000002D6
00000080 :	E5 02 00 00 
		string[4]: at 0x000002E5
00000084 :	ED 02 00 00 
		string[5]: at 0x000002ED
00000088 :	F4 02 00 00 
		string[6]: at 0x000002F4
0000008C :	05 03 00 00 
		string[7]: at 0x00000305
00000090 :	08 03 00 00 
		string[8]: at 0x00000308
00000094 :	0C 03 00 00 
		string[9]: at 0x0000030C
00000098 :	0F 03 00 00 
		string[10]: at 0x0000030F
0000009C :	1D 03 00 00 
		string[11]: at 0x0000031D
000000A0 :	21 03 00 00 
		string[12]: at 0x00000321
000000A4 :	25 03 00 00 
		string[13]: at 0x00000325
000000A8 :	3C 03 00 00 
		string[14]: at 0x0000033C
000000AC :	50 03 00 00 
		string[15]: at 0x00000350
000000B0 :	64 03 00 00 
		string[16]: at 0x00000364
000000B4 :	7F 03 00 00 
		string[17]: at 0x0000037F
000000B8 :	93 03 00 00 
		string[18]: at 0x00000393
000000BC :	A9 03 00 00 
		string[19]: at 0x000003A9
000000C0 :	AC 03 00 00 
		string[20]: at 0x000003AC
000000C4 :	B0 03 00 00 
		string[21]: at 0x000003B0
000000C8 :	B7 03 00 00 
		string[22]: at 0x000003B7
000000CC :	CC 03 00 00 
		string[23]: at 0x000003CC
000000D0 :	D4 03 00 00 
		string[24]: at 0x000003D4
000000D4 :	D9 03 00 00 
		string[25]: at 0x000003D9
000000D8 :	E6 03 00 00 
		string[26]: at 0x000003E6
000000DC :	EC 03 00 00 
		string[27]: at 0x000003EC
000000E0 :	F1 03 00 00 
		string[28]: at 0x000003F1
000000E4 :	FA 03 00 00 
		string[29]: at 0x000003FA
000000E8 :	04 04 00 00 
		string[30]: at 0x00000404
// string[0]: 
// string[1]:  
// string[2]: !
// string[3]: --from UMARE 
// string[4]: <init>
// string[5]: Hello
// string[6]: HelloWorld.java
// string[7]: I
// string[8]: II
// string[9]: L
// string[10]: LHelloWorld;
// string[11]: LI
// string[12]: LL
// string[13]: Ljava/io/PrintStream;
// string[14]: Ljava/lang/Object;
// string[15]: Ljava/lang/String;
// string[16]: Ljava/lang/StringBuilder;
// string[17]: Ljava/lang/System;
// string[18]: Ljava/util/Calendar;
// string[19]: V
// string[20]: VL
// string[21]: World
// string[22]: [Ljava/lang/String;
// string[23]: append
// string[24]: get
// string[25]: getInstance
// string[26]: main
// string[27]: out
// string[28]: println
// string[29]: toString
// string[30]: valueOf
000000EC :	07 00 00 00 
		type[0] index: 00000007 (I)
000000F0 :	0A 00 00 00 
		type[1] index: 0000000A (LHelloWorld;)
000000F4 :	0D 00 00 00 
		type[2] index: 0000000D (Ljava/io/PrintStream;)
000000F8 :	0E 00 00 00 
		type[3] index: 0000000E (Ljava/lang/Object;)
000000FC :	0F 00 00 00 
		type[4] index: 0000000F (Ljava/lang/String;)
00000100 :	10 00 00 00 
		type[5] index: 00000010 (Ljava/lang/StringBuilder;)
00000104 :	11 00 00 00 
		type[6] index: 00000011 (Ljava/lang/System;)
00000108 :	12 00 00 00 
		type[7] index: 00000012 (Ljava/util/Calendar;)
0000010C :	13 00 00 00 
		type[8] index: 00000013 (V)
00000110 :	16 00 00 00 
		type[9] index: 00000016 ([Ljava/lang/String;)
00000114 :	08 00 00 00 
		00 00 00 00 
		B0 02 00 00 
		proto[0]: short signature: II; return type: I; parameter block offset: 000002B0
00000120 :	09 00 00 00 
		04 00 00 00 
		00 00 00 00 
		proto[1]: short signature: L; return type: Ljava/lang/String;; parameter block offset: 00000000
0000012C :	0B 00 00 00 
		04 00 00 00 
		B0 02 00 00 
		proto[2]: short signature: LI; return type: Ljava/lang/String;; parameter block offset: 000002B0
00000138 :	0C 00 00 00 
		05 00 00 00 
		B8 02 00 00 
		proto[3]: short signature: LL; return type: Ljava/lang/StringBuilder;; parameter block offset: 000002B8
00000144 :	09 00 00 00 
		07 00 00 00 
		00 00 00 00 
		proto[4]: short signature: L; return type: Ljava/util/Calendar;; parameter block offset: 00000000
00000150 :	13 00 00 00 
		08 00 00 00 
		00 00 00 00 
		proto[5]: short signature: V; return type: V; parameter block offset: 00000000
0000015C :	14 00 00 00 
		08 00 00 00 
		C0 02 00 00 
		proto[6]: short signature: VL; return type: V; parameter block offset: 000002C0
00000168 :	14 00 00 00 
		08 00 00 00 
		B8 02 00 00 
		proto[7]: short signature: VL; return type: V; parameter block offset: 000002B8
00000174 :	14 00 00 00 
		08 00 00 00 
		C8 02 00 00 
		proto[8]: short signature: VL; return type: V; parameter block offset: 000002C8
// proto[0]: I proto( I )
// proto[1]: Ljava/lang/String; proto(  )
// proto[2]: Ljava/lang/String; proto( I )
// proto[3]: Ljava/lang/StringBuilder; proto( Ljava/lang/String; )
// proto[4]: Ljava/util/Calendar; proto(  )
// proto[5]: V proto(  )
// proto[6]: V proto( Ljava/lang/Object; )
// proto[7]: V proto( Ljava/lang/String; )
// proto[8]: V proto( [Ljava/lang/String; )
00000180 :	06 00 02 00 
		1B 00 00 00 
		field[0]: java/lang/System.out Ljava/io/PrintStream;
00000188 :	01 00 05 00 
		04 00 00 00 
		method[0]: HelloWorld/<init> (<init>()V)
00000190 :	01 00 08 00 
		1A 00 00 00 
		method[1]: HelloWorld/main (main([Ljava/lang/String;)V)
00000198 :	02 00 06 00 
		1C 00 00 00 
		method[2]: java/io/PrintStream/println (println(Ljava/lang/Object;)V)
000001A0 :	03 00 05 00 
		04 00 00 00 
		method[3]: java/lang/Object/<init> (<init>()V)
000001A8 :	04 00 02 00 
		1E 00 00 00 
		method[4]: java/lang/String/valueOf (valueOf(I)Ljava/lang/String;)
000001B0 :	05 00 05 00 
		04 00 00 00 
		method[5]: java/lang/StringBuilder/<init> (<init>()V)
000001B8 :	05 00 07 00 
		04 00 00 00 
		method[6]: java/lang/StringBuilder/<init> (<init>(Ljava/lang/String;)V)
000001C0 :	05 00 03 00 
		17 00 00 00 
		method[7]: java/lang/StringBuilder/append (append(Ljava/lang/String;)Ljava/lang/StringBuilder;)
000001C8 :	05 00 01 00 
		1D 00 00 00 
		method[8]: java/lang/StringBuilder/toString (toString()Ljava/lang/String;)
000001D0 :	07 00 00 00 
		18 00 00 00 
		method[9]: java/util/Calendar/get (get(I)I)
000001D8 :	07 00 04 00 
		19 00 00 00 
		method[10]: java/util/Calendar/getInstance (getInstance()Ljava/util/Calendar;)
000001E0 :	01 00 00 00 
		00 00 00 00 
		03 00 00 00 
		00 00 00 00 
		06 00 00 00 
		00 00 00 00 
		25 04 00 00 
		00 00 00 00 
		HelloWorld
//  class HelloWorld:
// super: java/lang/Object
// source: HelloWorld.java
00000425 :	00 static fields size: 0
00000426 :	00 instance fields size: 0
00000427 :	02 direct methods size: 2
00000428 :	00 virtual methods size: 0
00000429 :	00 80 80 04 
		80 04 // direct method[0]: <init>()V
0000042F :	01 09 98 04 
		// direct method[1]: main([Ljava/lang/String;)V
--------------------------------------
Class: HelloWorld
****************************
Method: <init>()V
00000200 :	01 00 registers size: 1
00000202 :	01 00 input arguments: 1
00000204 :	01 00 output arguments: 1
00000206 :	00 00 try block size: 0
00000208 :	0D 04 00 00 
		debug info offset: 0x40d
0000020C :	04 00 00 00 
		instruction block size: 4
method block: 0x210-0x218
next block starts at: 0x218
0000040D :	03 Starting line: 3
0000040E :	00 Parameter number: 0
0000040F :	07 DBG_SET_PROLOGUE_END
00000410 :	0E Line register: 3; address register: 0x0
00000411 :	00 DBG_END_SEQUENCE
	invoke-direct	{v0},java/lang/Object/<init>	; <init>()V
	return-void	
****************************
Method: public static main([Ljava/lang/String;)V
00000218 :	04 00 registers size: 4
0000021A :	01 00 input arguments: 1
0000021C :	02 00 output arguments: 2
0000021E :	00 00 try block size: 0
00000220 :	12 04 00 00 
		debug info offset: 0x412
00000224 :	44 00 00 00 
		instruction block size: 68
method block: 0x228-0x2b0
next block starts at: 0x2b0
00000412 :	10 Starting line: 16
00000413 :	01 Parameter number: 1
00000414 :	00 reg#-1 : unnamed0
00000415 :	07 DBG_SET_PROLOGUE_END
00000416 :	0E Line register: 16; address register: 0x0
00000417 :	4B Line register: 17; address register: 0x4
00000418 :	5A Line register: 18; address register: 0x9
00000419 :	4B Line register: 19; address register: 0xd
0000041A :	01 13 DBG_ADVANCE_PC: by 19 bytes (new address is 0x20)
0000041C :	10 Line register: 21; address register: 0x20
0000041D :	78 Line register: 22; address register: 0x27
0000041E :	5A Line register: 23; address register: 0x2c
0000041F :	5A Line register: 24; address register: 0x31
00000420 :	5A Line register: 25; address register: 0x36
00000421 :	5A Line register: 26; address register: 0x3b
00000422 :	3D Line register: 28; address register: 0x3e
00000423 :	5A Line register: 29; address register: 0x43
00000424 :	00 DBG_END_SEQUENCE
	invoke-static	{},java/util/Calendar/getInstance	; getInstance()Ljava/util/Calendar;
	nop	
	move-result-object	v0
	const/4	v1,1
	invoke-virtual	{v0,v1},java/util/Calendar/get	; get(I)I
	move-result	v0
	invoke-static	{v0},java/lang/String/valueOf	; valueOf(I)Ljava/lang/String;
	move-result-object	v0
	new-instance	v1,java/lang/StringBuilder
	invoke-direct	{v1},java/lang/StringBuilder/<init>	; <init>()V
	const-string	v2,"--from UMARE "
	invoke-virtual	{v1,v2},java/lang/StringBuilder/append	; append(Ljava/lang/String;)Ljava/lang/StringBuilder;
	move-result-object	v1
	invoke-virtual	{v1,v0},java/lang/StringBuilder/append	; append(Ljava/lang/String;)Ljava/lang/StringBuilder;
	move-result-object	v0
	invoke-virtual	{v0},java/lang/StringBuilder/toString	; toString()Ljava/lang/String;
	move-result-object	v0
	new-instance	v1,java/lang/StringBuilder
	const-string	v2,""
	invoke-direct	{v1,v2},java/lang/StringBuilder/<init>	; <init>(Ljava/lang/String;)V
	const-string	v2,"Hello"
	invoke-virtual	{v1,v2},java/lang/StringBuilder/append	; append(Ljava/lang/String;)Ljava/lang/StringBuilder;
	const-string	v2,"World"
	invoke-virtual	{v1,v2},java/lang/StringBuilder/append	; append(Ljava/lang/String;)Ljava/lang/StringBuilder;
	const-string	v2,"!"
	invoke-virtual	{v1,v2},java/lang/StringBuilder/append	; append(Ljava/lang/String;)Ljava/lang/StringBuilder;
	const-string	v2," "
	invoke-virtual	{v1,v2},java/lang/StringBuilder/append	; append(Ljava/lang/String;)Ljava/lang/StringBuilder;
	invoke-virtual	{v1,v0},java/lang/StringBuilder/append	; append(Ljava/lang/String;)Ljava/lang/StringBuilder;
	sget-object	v0,java/lang/System.out Ljava/io/PrintStream;
	invoke-virtual	{v0,v1},java/io/PrintStream/println	; println(Ljava/lang/Object;)V
	return-void	
