00000000 :	64 65 78 0A 
		30 33 35 00 
		magic: dex\n035\0
00000008 :	E2 66 A9 1E 
		checksum
0000000C :	B1 F4 FC D0 
		3C A4 84 11 
		31 CA CE 48 
		97 37 87 24 
		CD 40 CC 52 
		signature
00000020 :	FC 02 00 00 
		file size: 0x000002FC
00000024 :	70 00 00 00 
		header size: 0x00000070
00000028 :	78 56 34 12 
		00 00 00 00 
		link size: 0x00000000
00000030 :	00 00 00 00 
		link offset: 0x00000000
00000034 :	5C 02 00 00 
		map offset: 0x0000025C
00000038 :	0E 00 00 00 
		string ids size: 0x0000000E
0000003C :	70 00 00 00 
		string ids offset: 0x00000070
00000040 :	07 00 00 00 
		type ids size: 0x00000007
00000044 :	A8 00 00 00 
		type ids offset: 0x000000A8
00000048 :	03 00 00 00 
		proto ids size: 0x00000003
0000004C :	C4 00 00 00 
		proto ids offset: 0x000000C4
00000050 :	01 00 00 00 
		field ids size: 0x00000001
00000054 :	E8 00 00 00 
		field ids offset: 0x000000E8
00000058 :	04 00 00 00 
		method ids size: 0x00000004
0000005C :	F0 00 00 00 
		method ids offset: 0x000000F0
00000060 :	01 00 00 00 
		class defs size: 0x00000001
00000064 :	10 01 00 00 
		class defs offset: 0x00000110
00000068 :	CC 01 00 00 
		data size: 0x000001CC
0000006C :	30 01 00 00 
		data offset: 0x00000130
00000070 :	76 01 00 00 
		string[0]: at 0x00000176
00000074 :	7E 01 00 00 
		string[1]: at 0x0000017E
00000078 :	9E 01 00 00 
		string[2]: at 0x0000019E
0000007C :	AF 01 00 00 
		string[3]: at 0x000001AF
00000080 :	BD 01 00 00 
		string[4]: at 0x000001BD
00000084 :	D4 01 00 00 
		string[5]: at 0x000001D4
00000088 :	E8 01 00 00 
		string[6]: at 0x000001E8
0000008C :	FC 01 00 00 
		string[7]: at 0x000001FC
00000090 :	10 02 00 00 
		string[8]: at 0x00000210
00000094 :	13 02 00 00 
		string[9]: at 0x00000213
00000098 :	17 02 00 00 
		string[10]: at 0x00000217
0000009C :	2C 02 00 00 
		string[11]: at 0x0000022C
000000A0 :	32 02 00 00 
		string[12]: at 0x00000232
000000A4 :	37 02 00 00 
		string[13]: at 0x00000237
// string[0]: <init>
// string[1]: Hello world! --from UMARE 2014
// string[2]: HelloWorld.java
// string[3]: LHelloWorld;
// string[4]: Ljava/io/PrintStream;
// string[5]: Ljava/lang/Object;
// string[6]: Ljava/lang/String;
// string[7]: Ljava/lang/System;
// string[8]: V
// string[9]: VL
// string[10]: [Ljava/lang/String;
// string[11]: main
// string[12]: out
// string[13]: println
000000A8 :	03 00 00 00 
		type[0] index: 00000003 (LHelloWorld;)
000000AC :	04 00 00 00 
		type[1] index: 00000004 (Ljava/io/PrintStream;)
000000B0 :	05 00 00 00 
		type[2] index: 00000005 (Ljava/lang/Object;)
000000B4 :	06 00 00 00 
		type[3] index: 00000006 (Ljava/lang/String;)
000000B8 :	07 00 00 00 
		type[4] index: 00000007 (Ljava/lang/System;)
000000BC :	08 00 00 00 
		type[5] index: 00000008 (V)
000000C0 :	0A 00 00 00 
		type[6] index: 0000000A ([Ljava/lang/String;)
000000C4 :	08 00 00 00 
		05 00 00 00 
		00 00 00 00 
		proto[0]: short signature: V; return type: V; parameter block offset: 00000000
000000D0 :	09 00 00 00 
		05 00 00 00 
		68 01 00 00 
		proto[1]: short signature: VL; return type: V; parameter block offset: 00000168
000000DC :	09 00 00 00 
		05 00 00 00 
		70 01 00 00 
		proto[2]: short signature: VL; return type: V; parameter block offset: 00000170
// proto[0]: V proto(  )
// proto[1]: V proto( Ljava/lang/String; )
// proto[2]: V proto( [Ljava/lang/String; )
000000E8 :	04 00 01 00 
		0C 00 00 00 
		field[0]: java/lang/System.out Ljava/io/PrintStream;
000000F0 :	00 00 00 00 
		00 00 00 00 
		method[0]: HelloWorld/<init> (<init>()V)
000000F8 :	00 00 02 00 
		0B 00 00 00 
		method[1]: HelloWorld/main (main([Ljava/lang/String;)V)
00000100 :	01 00 01 00 
		0D 00 00 00 
		method[2]: java/io/PrintStream/println (println(Ljava/lang/String;)V)
00000108 :	02 00 00 00 
		00 00 00 00 
		method[3]: java/lang/Object/<init> (<init>()V)
00000110 :	00 00 00 00 
		00 00 00 00 
		02 00 00 00 
		00 00 00 00 
		02 00 00 00 
		00 00 00 00 
		4C 02 00 00 
		00 00 00 00 
		HelloWorld
//  class HelloWorld:
// super: java/lang/Object
// source: HelloWorld.java
0000024C :	00 static fields size: 0
0000024D :	00 instance fields size: 0
0000024E :	02 direct methods size: 2
0000024F :	00 virtual methods size: 0
00000250 :	00 80 80 04 
		B0 02 // direct method[0]: <init>()V
00000256 :	01 09 C8 02 
		// direct method[1]: main([Ljava/lang/String;)V
--------------------------------------
Class: HelloWorld
****************************
Method: <init>()V
00000130 :	01 00 registers size: 1
00000132 :	01 00 input arguments: 1
00000134 :	01 00 output arguments: 1
00000136 :	00 00 try block size: 0
00000138 :	40 02 00 00 
		debug info offset: 0x240
0000013C :	04 00 00 00 
		instruction block size: 4
method block: 0x140-0x148
next block starts at: 0x148
00000240 :	03 Starting line: 3
00000241 :	00 Parameter number: 0
00000242 :	07 DBG_SET_PROLOGUE_END
00000243 :	0E Line register: 3; address register: 0x0
00000244 :	00 DBG_END_SEQUENCE
	invoke-direct	{v0},java/lang/Object/<init>	; <init>()V
	return-void	
****************************
Method: public static main([Ljava/lang/String;)V
00000148 :	03 00 registers size: 3
0000014A :	01 00 input arguments: 1
0000014C :	02 00 output arguments: 2
0000014E :	00 00 try block size: 0
00000150 :	45 02 00 00 
		debug info offset: 0x245
00000154 :	08 00 00 00 
		instruction block size: 8
method block: 0x158-0x168
next block starts at: 0x168
00000245 :	0F Starting line: 15
00000246 :	01 Parameter number: 1
00000247 :	00 reg#-1 : unnamed0
00000248 :	07 DBG_SET_PROLOGUE_END
00000249 :	0E Line register: 15; address register: 0x0
0000024A :	78 Line register: 16; address register: 0x7
0000024B :	00 DBG_END_SEQUENCE
	sget-object	v0,java/lang/System.out Ljava/io/PrintStream;
	const-string	v1,"Hello world! --from UMARE 2014"
	invoke-virtual	{v0,v1},java/io/PrintStream/println	; println(Ljava/lang/String;)V
	return-void	
