00000000 :	64 65 78 0A 
		30 33 35 00 
		magic: dex\n035\0
00000008 :	F9 A1 5A 3E 
		checksum
0000000C :	69 3D EF 2A 
		75 B3 EA 1C 
		BC 57 01 3B 
		0B 2B 5F FF 
		C5 92 C2 A9 
		signature
00000020 :	FC 04 00 00 
		file size: 0x000004FC
00000024 :	70 00 00 00 
		header size: 0x00000070
00000028 :	78 56 34 12 
		00 00 00 00 
		link size: 0x00000000
00000030 :	00 00 00 00 
		link offset: 0x00000000
00000034 :	5C 04 00 00 
		map offset: 0x0000045C
00000038 :	1B 00 00 00 
		string ids size: 0x0000001B
0000003C :	70 00 00 00 
		string ids offset: 0x00000070
00000040 :	0D 00 00 00 
		type ids size: 0x0000000D
00000044 :	DC 00 00 00 
		type ids offset: 0x000000DC
00000048 :	07 00 00 00 
		proto ids size: 0x00000007
0000004C :	10 01 00 00 
		proto ids offset: 0x00000110
00000050 :	01 00 00 00 
		field ids size: 0x00000001
00000054 :	64 01 00 00 
		field ids offset: 0x00000164
00000058 :	09 00 00 00 
		method ids size: 0x00000009
0000005C :	6C 01 00 00 
		method ids offset: 0x0000016C
00000060 :	01 00 00 00 
		class defs size: 0x00000001
00000064 :	B4 01 00 00 
		class defs offset: 0x000001B4
00000068 :	28 03 00 00 
		data size: 0x00000328
0000006C :	D4 01 00 00 
		data offset: 0x000001D4
00000070 :	02 03 00 00 
		string[0]: at 0x00000302
00000074 :	0A 03 00 00 
		string[1]: at 0x0000030A
00000078 :	0D 03 00 00 
		string[2]: at 0x0000030D
0000007C :	1E 03 00 00 
		string[3]: at 0x0000031E
00000080 :	21 03 00 00 
		string[4]: at 0x00000321
00000084 :	25 03 00 00 
		string[5]: at 0x00000325
00000088 :	28 03 00 00 
		string[6]: at 0x00000328
0000008C :	2C 03 00 00 
		string[7]: at 0x0000032C
00000090 :	3A 03 00 00 
		string[8]: at 0x0000033A
00000094 :	3E 03 00 00 
		string[9]: at 0x0000033E
00000098 :	55 03 00 00 
		string[10]: at 0x00000355
0000009C :	6C 03 00 00 
		string[11]: at 0x0000036C
000000A0 :	80 03 00 00 
		string[12]: at 0x00000380
000000A4 :	94 03 00 00 
		string[13]: at 0x00000394
000000A8 :	AF 03 00 00 
		string[14]: at 0x000003AF
000000AC :	C3 03 00 00 
		string[15]: at 0x000003C3
000000B0 :	D9 03 00 00 
		string[16]: at 0x000003D9
000000B4 :	DC 03 00 00 
		string[17]: at 0x000003DC
000000B8 :	E0 03 00 00 
		string[18]: at 0x000003E0
000000BC :	E4 03 00 00 
		string[19]: at 0x000003E4
000000C0 :	F9 03 00 00 
		string[20]: at 0x000003F9
000000C4 :	01 04 00 00 
		string[21]: at 0x00000401
000000C8 :	06 04 00 00 
		string[22]: at 0x00000406
000000CC :	13 04 00 00 
		string[23]: at 0x00000413
000000D0 :	19 04 00 00 
		string[24]: at 0x00000419
000000D4 :	1E 04 00 00 
		string[25]: at 0x0000041E
000000D8 :	27 04 00 00 
		string[26]: at 0x00000427
// string[0]: <init>
// string[1]: C
// string[2]: HelloWorld.java
// string[3]: I
// string[4]: II
// string[5]: L
// string[6]: LC
// string[7]: LHelloWorld;
// string[8]: LL
// string[9]: Ljava/io/PrintStream;
// string[10]: Ljava/lang/Character;
// string[11]: Ljava/lang/Object;
// string[12]: Ljava/lang/String;
// string[13]: Ljava/lang/StringBuilder;
// string[14]: Ljava/lang/System;
// string[15]: Ljava/util/Calendar;
// string[16]: V
// string[17]: VL
// string[18]: [I
// string[19]: [Ljava/lang/String;
// string[20]: append
// string[21]: get
// string[22]: getInstance
// string[23]: main
// string[24]: out
// string[25]: println
// string[26]: toString
000000DC :	01 00 00 00 
		type[0] index: 00000001 (C)
000000E0 :	03 00 00 00 
		type[1] index: 00000003 (I)
000000E4 :	07 00 00 00 
		type[2] index: 00000007 (LHelloWorld;)
000000E8 :	09 00 00 00 
		type[3] index: 00000009 (Ljava/io/PrintStream;)
000000EC :	0A 00 00 00 
		type[4] index: 0000000A (Ljava/lang/Character;)
000000F0 :	0B 00 00 00 
		type[5] index: 0000000B (Ljava/lang/Object;)
000000F4 :	0C 00 00 00 
		type[6] index: 0000000C (Ljava/lang/String;)
000000F8 :	0D 00 00 00 
		type[7] index: 0000000D (Ljava/lang/StringBuilder;)
000000FC :	0E 00 00 00 
		type[8] index: 0000000E (Ljava/lang/System;)
00000100 :	0F 00 00 00 
		type[9] index: 0000000F (Ljava/util/Calendar;)
00000104 :	10 00 00 00 
		type[10] index: 00000010 (V)
00000108 :	12 00 00 00 
		type[11] index: 00000012 ([I)
0000010C :	13 00 00 00 
		type[12] index: 00000013 ([Ljava/lang/String;)
00000110 :	04 00 00 00 
		01 00 00 00 
		DC 02 00 00 
		proto[0]: short signature: II; return type: I; parameter block offset: 000002DC
0000011C :	06 00 00 00 
		06 00 00 00 
		E4 02 00 00 
		proto[1]: short signature: LC; return type: Ljava/lang/String;; parameter block offset: 000002E4
00000128 :	08 00 00 00 
		07 00 00 00 
		EC 02 00 00 
		proto[2]: short signature: LL; return type: Ljava/lang/StringBuilder;; parameter block offset: 000002EC
00000134 :	05 00 00 00 
		09 00 00 00 
		00 00 00 00 
		proto[3]: short signature: L; return type: Ljava/util/Calendar;; parameter block offset: 00000000
00000140 :	10 00 00 00 
		0A 00 00 00 
		00 00 00 00 
		proto[4]: short signature: V; return type: V; parameter block offset: 00000000
0000014C :	11 00 00 00 
		0A 00 00 00 
		F4 02 00 00 
		proto[5]: short signature: VL; return type: V; parameter block offset: 000002F4
00000158 :	11 00 00 00 
		0A 00 00 00 
		FC 02 00 00 
		proto[6]: short signature: VL; return type: V; parameter block offset: 000002FC
// proto[0]: I proto( I )
// proto[1]: Ljava/lang/String; proto( C )
// proto[2]: Ljava/lang/StringBuilder; proto( Ljava/lang/String; )
// proto[3]: Ljava/util/Calendar; proto(  )
// proto[4]: V proto(  )
// proto[5]: V proto( Ljava/lang/Object; )
// proto[6]: V proto( [Ljava/lang/String; )
00000164 :	08 00 03 00 
		18 00 00 00 
		field[0]: java/lang/System.out Ljava/io/PrintStream;
0000016C :	02 00 04 00 
		00 00 00 00 
		method[0]: HelloWorld/<init> (<init>()V)
00000174 :	02 00 06 00 
		17 00 00 00 
		method[1]: HelloWorld/main (main([Ljava/lang/String;)V)
0000017C :	03 00 05 00 
		19 00 00 00 
		method[2]: java/io/PrintStream/println (println(Ljava/lang/Object;)V)
00000184 :	04 00 01 00 
		1A 00 00 00 
		method[3]: java/lang/Character/toString (toString(C)Ljava/lang/String;)
0000018C :	05 00 04 00 
		00 00 00 00 
		method[4]: java/lang/Object/<init> (<init>()V)
00000194 :	07 00 04 00 
		00 00 00 00 
		method[5]: java/lang/StringBuilder/<init> (<init>()V)
0000019C :	07 00 02 00 
		14 00 00 00 
		method[6]: java/lang/StringBuilder/append (append(Ljava/lang/String;)Ljava/lang/StringBuilder;)
000001A4 :	09 00 00 00 
		15 00 00 00 
		method[7]: java/util/Calendar/get (get(I)I)
000001AC :	09 00 03 00 
		16 00 00 00 
		method[8]: java/util/Calendar/getInstance (getInstance()Ljava/util/Calendar;)
000001B4 :	02 00 00 00 
		00 00 00 00 
		05 00 00 00 
		00 00 00 00 
		02 00 00 00 
		00 00 00 00 
		4B 04 00 00 
		00 00 00 00 
		HelloWorld
//  class HelloWorld:
// super: java/lang/Object
// source: HelloWorld.java
0000044B :	00 static fields size: 0
0000044C :	00 instance fields size: 0
0000044D :	02 direct methods size: 2
0000044E :	00 virtual methods size: 0
0000044F :	00 80 80 04 
		D4 03 // direct method[0]: <init>()V
00000455 :	01 09 EC 03 
		// direct method[1]: main([Ljava/lang/String;)V
--------------------------------------
Class: HelloWorld
****************************
Method: <init>()V
000001D4 :	01 00 registers size: 1
000001D6 :	01 00 input arguments: 1
000001D8 :	01 00 output arguments: 1
000001DA :	00 00 try block size: 0
000001DC :	31 04 00 00 
		debug info offset: 0x431
000001E0 :	04 00 00 00 
		instruction block size: 4
method block: 0x1e4-0x1ec
next block starts at: 0x1ec
00000431 :	03 Starting line: 3
00000432 :	00 Parameter number: 0
00000433 :	07 DBG_SET_PROLOGUE_END
00000434 :	0E Line register: 3; address register: 0x0
00000435 :	00 DBG_END_SEQUENCE
	invoke-direct	{v0},java/lang/Object/<init>	; <init>()V
	return-void	
****************************
Method: public static main([Ljava/lang/String;)V
000001EC :	07 00 registers size: 7
000001EE :	01 00 input arguments: 1
000001F0 :	02 00 output arguments: 2
000001F2 :	00 00 try block size: 0
000001F4 :	36 04 00 00 
		debug info offset: 0x436
000001F8 :	70 00 00 00 
		instruction block size: 112
method block: 0x1fc-0x2dc
next block starts at: 0x2dc
00000436 :	0F Starting line: 15
00000437 :	01 Parameter number: 1
00000438 :	00 reg#-1 : unnamed0
00000439 :	07 DBG_SET_PROLOGUE_END
0000043A :	0E Line register: 15; address register: 0x0
0000043B :	79 Line register: 17; address register: 0x7
0000043C :	2D Line register: 18; address register: 0x9
0000043D :	4B Line register: 19; address register: 0xd
0000043E :	5B Line register: 21; address register: 0x12
0000043F :	1F Line register: 23; address register: 0x13
00000440 :	5A Line register: 24; address register: 0x18
00000441 :	6A Line register: 26; address register: 0x1e
00000442 :	1E Line register: 27; address register: 0x1f
00000443 :	1E Line register: 28; address register: 0x20
00000444 :	73 Line register: 24; address register: 0x27
00000445 :	41 Line register: 30; address register: 0x2a
00000446 :	5A Line register: 31; address register: 0x2f
00000447 :	02 70 DBG_ADVANCE_LINE: by -16 lines (new line counter: 15)
00000449 :	1D Line register: 15; address register: 0x30
0000044A :	00 DBG_END_SEQUENCE
	const/16	v0,30
	new-array	v1,v0,[I
	fill-array-data	v1,l25c
	const/16	v0,1949
	invoke-static	{},java/util/Calendar/getInstance	; getInstance()Ljava/util/Calendar;
	nop	
	move-result-object	v2
	const/4	v3,1
	invoke-virtual	{v2,v3},java/util/Calendar/get	; get(I)I
	move-result	v2
	sub-int/2addr	v2,v0
	new-instance	v3,java/lang/StringBuilder
	invoke-direct	{v3},java/lang/StringBuilder/<init>	; <init>()V
	array-length	v4,v1
	const/4	v0,0
	if-ge	v0,v4,l250
	aget	v5,v1,v0
	xor-int/2addr	v5,v2
	int-to-char	v5,v5
	invoke-static	{v5},java/lang/Character/toString	; toString(C)Ljava/lang/String;
	move-result-object	v5
	invoke-virtual	{v3,v5},java/lang/StringBuilder/append	; append(Ljava/lang/String;)Ljava/lang/StringBuilder;
	add-int/lit8	v0,v0,1
	goto	l230
	if-ge	v0,v4,l250
	aget	v5,v1,v0
	xor-int/2addr	v5,v2
	int-to-char	v5,v5
	invoke-static	{v5},java/lang/Character/toString	; toString(C)Ljava/lang/String;
	move-result-object	v5
	invoke-virtual	{v3,v5},java/lang/StringBuilder/append	; append(Ljava/lang/String;)Ljava/lang/StringBuilder;
	add-int/lit8	v0,v0,1
	goto	l230
	sget-object	v0,java/lang/System.out Ljava/io/PrintStream;
	invoke-virtual	{v0,v3},java/io/PrintStream/println	; println(Ljava/lang/Object;)V
	return-void	
	sget-object	v0,java/lang/System.out Ljava/io/PrintStream;
	invoke-virtual	{v0,v3},java/io/PrintStream/println	; println(Ljava/lang/Object;)V
	return-void	
